<?xml version="1.0" encoding="UTF-8"?>
<!-- Generated by org.testng.reporters.JUnitReportReporter -->
<testsuite hostname="LAPTOP-SHETTY" failures="0" tests="1" name="Selenium.PDFReadMavenTest" time="15.366" errors="0" timestamp="2023-02-01T12:08:24 IST" skipped="0">
  <testcase classname="Selenium.PDFReadMavenTest" name="certificate" time="15.366"/>
  <system-out/>
</testsuite> <!-- Selenium.PDFReadMavenTest -->
