<?xml version="1.0" encoding="UTF-8"?>
<!-- Generated by org.testng.reporters.JUnitReportReporter -->
<testsuite hostname="LAPTOP-SHETTY" failures="0" tests="1" name="Selenium.SeleniumGithubTest" time="25.282" errors="0" timestamp="2023-02-01T09:38:58 IST" skipped="0">
  <testcase classname="Selenium.SeleniumGithubTest" name="main" time="25.282"/>
  <system-out/>
</testsuite> <!-- Selenium.SeleniumGithubTest -->
