<?xml version="1.0" encoding="UTF-8"?>
<!-- Generated by org.testng.reporters.JUnitReportReporter -->
<testsuite hostname="LAPTOP-SHETTY" failures="0" tests="1" name="DataDriven.ksjhdgv" time="0.012" errors="0" timestamp="2023-02-04T16:09:20 IST" skipped="0">
  <testcase classname="DataDriven.ksjhdgv" name="test" time="0.012"/>
  <system-out/>
</testsuite> <!-- DataDriven.ksjhdgv -->
