<?xml version="1.0" encoding="UTF-8"?>
<!-- Generated by org.testng.reporters.JUnitReportReporter -->
<testsuite hostname="LAPTOP-SHETTY" failures="0" tests="2" name="TYSelenium.loginWebShop" time="56.035" errors="0" timestamp="2023-01-31T10:10:14 IST" skipped="0">
  <testcase classname="TYSelenium.loginWebShop" name="login" time="28.081"/>
  <system-out/>
  <testcase classname="TYSelenium.loginWebShop" name="login" time="27.954"/>
  <system-out/>
</testsuite> <!-- TYSelenium.loginWebShop -->
