<?xml version="1.0" encoding="UTF-8"?>
<!-- Generated by org.testng.reporters.JUnitReportReporter -->
<testsuite hostname="LAPTOP-SHETTY" failures="0" tests="1" name="Practice125.AnnotationsExecution" time="0.014" errors="0" timestamp="2023-01-30T13:17:42 IST" skipped="0">
  <testcase classname="Practice125.AnnotationsExecution" name="test" time="0.014"/>
  <system-out/>
</testsuite> <!-- Practice125.AnnotationsExecution -->
