<?xml version="1.0" encoding="UTF-8"?>
<!-- Generated by org.testng.reporters.JUnitReportReporter -->
<testsuite hostname="LAPTOP-SHETTY" failures="0" tests="1" name="Practice125.Login" time="18.715" errors="0" timestamp="2023-01-30T12:58:14 IST" skipped="0">
  <testcase classname="Practice125.Login" name="hii" time="18.715"/>
  <system-out/>
</testsuite> <!-- Practice125.Login -->
