<?xml version="1.0" encoding="UTF-8"?>
<!-- Generated by org.testng.reporters.JUnitReportReporter -->
<testsuite hostname="LAPTOP-SHETTY" failures="0" tests="1" name="Practice125.TestScript3" time="97.595" errors="0" timestamp="2023-01-30T14:29:26 IST" skipped="0">
  <testcase classname="Practice125.TestScript3" name="testscript" time="97.595"/>
  <system-out/>
</testsuite> <!-- Practice125.TestScript3 -->
