<?xml version="1.0" encoding="UTF-8"?>
<!-- Generated by org.testng.reporters.JUnitReportReporter -->
<testsuite hostname="LAPTOP-SHETTY" failures="0" tests="2" name="TYSelenium.Practice1" time="0.023" errors="0" timestamp="2023-01-30T16:29:39 IST" skipped="0">
  <testcase classname="TYSelenium.Practice1" name="shashank" time="0.021"/>
  <system-out>
    <![CDATA[hii]]>
  </system-out>
  <testcase classname="TYSelenium.Practice1" name="sachi" time="0.002"/>
  <system-out>
    <![CDATA[bye]]>
  </system-out>
</testsuite> <!-- TYSelenium.Practice1 -->
