<?xml version="1.0" encoding="UTF-8"?>
<!-- Generated by org.testng.reporters.JUnitReportReporter -->
<testsuite hostname="LAPTOP-SHETTY" failures="0" tests="1" name="Web_Shop.TestScript19" time="11.398" errors="0" timestamp="2023-01-30T17:08:52 IST" skipped="0">
  <testcase classname="Web_Shop.TestScript19" name="addProductReview" time="11.398"/>
  <system-out>
    <![CDATA[Product review is successfully added]]>
  </system-out>
</testsuite> <!-- Web_Shop.TestScript19 -->
