<?xml version="1.0" encoding="UTF-8"?>
<!-- Generated by org.testng.reporters.JUnitReportReporter -->
<testsuite hostname="LAPTOP-SHETTY" failures="0" tests="3" name="TYSelenium.Dif_Data_Login_WebShop" time="134.006" errors="0" timestamp="2023-01-31T12:51:37 IST" skipped="0">
  <testcase classname="TYSelenium.Dif_Data_Login_WebShop" name="login_webShop" time="44.564"/>
  <system-out/>
  <testcase classname="TYSelenium.Dif_Data_Login_WebShop" name="login_webShop" time="44.721"/>
  <system-out/>
  <testcase classname="TYSelenium.Dif_Data_Login_WebShop" name="login_webShop" time="44.721"/>
  <system-out/>
</testsuite> <!-- TYSelenium.Dif_Data_Login_WebShop -->
