<?xml version="1.0" encoding="UTF-8"?>
<!-- Generated by org.testng.reporters.JUnitReportReporter -->
<testsuite hostname="LAPTOP-SHETTY" failures="0" tests="1" name="Practice125.TestScript4" time="18.360" errors="0" timestamp="2023-01-30T14:24:52 IST" skipped="0">
  <testcase classname="Practice125.TestScript4" name="testscript" time="18.360"/>
  <system-out/>
</testsuite> <!-- Practice125.TestScript4 -->
