<?xml version="1.0" encoding="UTF-8"?>
<!-- Generated by org.testng.reporters.JUnitReportReporter -->
<testsuite hostname="LAPTOP-SHETTY" failures="0" tests="1" name="Web_Shop.BaseClass" time="13.564" errors="0" timestamp="2023-01-30T16:45:41 IST" skipped="0">
  <testcase classname="Web_Shop.BaseClass" name="sg" time="13.564"/>
  <system-out/>
</testsuite> <!-- Web_Shop.BaseClass -->
