<?xml version="1.0" encoding="UTF-8"?>
<!-- Generated by org.testng.reporters.JUnitReportReporter -->
<testsuite hostname="LAPTOP-SHETTY" failures="0" tests="1" name="_DemoWebShop_Test.TestScript_2" time="6.839" errors="0" timestamp="2023-02-12T11:34:45 IST" skipped="0">
  <testcase classname="_DemoWebShop_Test.TestScript_2" name="ShoppingCart_product" time="6.839"/>
  <system-out>
    <![CDATA[Information is displaying]]>
  </system-out>
</testsuite> <!-- _DemoWebShop_Test.TestScript_2 -->
