<?xml version="1.0" encoding="UTF-8"?>
<!-- Generated by org.testng.reporters.JUnitReportReporter -->
<testsuite hostname="LAPTOP-SHETTY" failures="0" tests="1" name="_DemoWebShop_Test.TestScript_3" time="23.938" errors="0" timestamp="2023-02-12T18:56:41 IST" skipped="0">
  <testcase classname="_DemoWebShop_Test.TestScript_3" name="main" time="23.938"/>
  <system-out>
    <![CDATA[Your order has been successfully processed!]]>
  </system-out>
</testsuite> <!-- _DemoWebShop_Test.TestScript_3 -->
