<?xml version="1.0" encoding="UTF-8"?>
<!-- Generated by org.testng.reporters.JUnitReportReporter -->
<testsuite hostname="LAPTOP-SHETTY" failures="0" tests="1" name="com.DemoWebShop.TestScript.TestScript_1" time="3.332" errors="0" timestamp="2023-02-01T15:49:35 IST" skipped="0">
  <testcase classname="com.DemoWebShop.TestScript.TestScript_1" name="main" time="3.332"/>
  <system-out/>
</testsuite> <!-- com.DemoWebShop.TestScript.TestScript_1 -->
