<?xml version="1.0" encoding="UTF-8"?>
<!-- Generated by org.testng.reporters.JUnitReportReporter -->
<testsuite hostname="LAPTOP-SHETTY" failures="0" tests="1" name="com.DemoWebShop.TestScript.TestScript10" time="8.671" errors="0" timestamp="2023-01-31T09:58:19 IST" skipped="0">
  <testcase classname="com.DemoWebShop.TestScript.TestScript10" name="main" time="8.671"/>
  <system-out/>
</testsuite> <!-- com.DemoWebShop.TestScript.TestScript10 -->
