<?xml version="1.0" encoding="UTF-8"?>
<!-- Generated by org.testng.reporters.JUnitReportReporter -->
<testsuite hostname="LAPTOP-SHETTY" failures="0" tests="1" name="com.DemoWebShop.TestScript.TestScript17" time="7.361" errors="0" timestamp="2023-01-31T09:58:19 IST" skipped="0">
  <testcase classname="com.DemoWebShop.TestScript.TestScript17" name="main" time="7.361"/>
  <system-out/>
</testsuite> <!-- com.DemoWebShop.TestScript.TestScript17 -->
